Analysis & Synthesis report for Versao1
Thu Oct 30 18:52:21 2025
Quartus Prime Version 24.1std.0 Build 1077 03/04/2025 SC Lite Edition


---------------------
; Table of Contents ;
---------------------
  1. Legal Notice
  2. Analysis & Synthesis Summary
  3. Analysis & Synthesis Settings
  4. Parallel Compilation
  5. Analysis & Synthesis Source Files Read
  6. Analysis & Synthesis Resource Usage Summary
  7. Analysis & Synthesis Resource Utilization by Entity
  8. General Register Statistics
  9. Port Connectivity Checks: "SubComp8bits:sub7"
 10. Port Connectivity Checks: "MUX8para8:Decisao6"
 11. Port Connectivity Checks: "SubComp8bits:sub6"
 12. Port Connectivity Checks: "MUX8para8:Decisao5"
 13. Port Connectivity Checks: "SubComp8bits:sub5"
 14. Port Connectivity Checks: "MUX8para8:Decisao4"
 15. Port Connectivity Checks: "SubComp8bits:sub4"
 16. Port Connectivity Checks: "MUX8para8:Decisao3"
 17. Port Connectivity Checks: "SubComp8bits:sub3"
 18. Port Connectivity Checks: "MUX8para8:Decisao2"
 19. Port Connectivity Checks: "SubComp8bits:sub2"
 20. Port Connectivity Checks: "MUX8para8:Decisao1"
 21. Port Connectivity Checks: "SubComp8bits:sub1"
 22. Port Connectivity Checks: "MUX8para8:Decisao0"
 23. Port Connectivity Checks: "SubComp8bits:sub0"
 24. Post-Synthesis Netlist Statistics for Top Partition
 25. Elapsed Time Per Partition
 26. Analysis & Synthesis Messages
 27. Analysis & Synthesis Suppressed Messages



----------------
; Legal Notice ;
----------------
Copyright (C) 2025  Altera Corporation. All rights reserved.
Your use of Altera Corporation's design tools, logic functions 
and other software and tools, and any partner logic 
functions, and any output files from any of the foregoing 
(including device programming or simulation files), and any 
associated documentation or information are expressly subject 
to the terms and conditions of the Altera Program License 
Subscription Agreement, the Altera Quartus Prime License Agreement,
the Altera IP License Agreement, or other applicable license
agreement, including, without limitation, that your use is for
the sole purpose of programming logic devices manufactured by
Altera and sold by Altera or its authorized distributors.  Please
refer to the Altera Software License Subscription Agreements 
on the Quartus Prime software download page.



+--------------------------------------------------------------------------------------+
; Analysis & Synthesis Summary                                                         ;
+------------------------------------+-------------------------------------------------+
; Analysis & Synthesis Status        ; Successful - Thu Oct 30 18:52:21 2025           ;
; Quartus Prime Version              ; 24.1std.0 Build 1077 03/04/2025 SC Lite Edition ;
; Revision Name                      ; Versao1                                         ;
; Top-level Entity Name              ; Divisor                                         ;
; Family                             ; MAX 10                                          ;
; Total logic elements               ; 102                                             ;
;     Total combinational functions  ; 102                                             ;
;     Dedicated logic registers      ; 0                                               ;
; Total registers                    ; 0                                               ;
; Total pins                         ; 33                                              ;
; Total virtual pins                 ; 0                                               ;
; Total memory bits                  ; 0                                               ;
; Embedded Multiplier 9-bit elements ; 0                                               ;
; Total PLLs                         ; 0                                               ;
; UFM blocks                         ; 0                                               ;
; ADC blocks                         ; 0                                               ;
+------------------------------------+-------------------------------------------------+


+------------------------------------------------------------------------------------------------------------+
; Analysis & Synthesis Settings                                                                              ;
+------------------------------------------------------------------+--------------------+--------------------+
; Option                                                           ; Setting            ; Default Value      ;
+------------------------------------------------------------------+--------------------+--------------------+
; Device                                                           ; 10M50DAF484C7G     ;                    ;
; Top-level entity name                                            ; Divisor            ; Versao1            ;
; Family name                                                      ; MAX 10             ; Cyclone V          ;
; Use smart compilation                                            ; Off                ; Off                ;
; Enable parallel Assembler and Timing Analyzer during compilation ; On                 ; On                 ;
; Enable compact report table                                      ; Off                ; Off                ;
; Restructure Multiplexers                                         ; Auto               ; Auto               ;
; Create Debugging Nodes for IP Cores                              ; Off                ; Off                ;
; Preserve fewer node names                                        ; On                 ; On                 ;
; Intel FPGA IP Evaluation Mode                                    ; Enable             ; Enable             ;
; Verilog Version                                                  ; Verilog_2001       ; Verilog_2001       ;
; VHDL Version                                                     ; VHDL_1993          ; VHDL_1993          ;
; State Machine Processing                                         ; Auto               ; Auto               ;
; Safe State Machine                                               ; Off                ; Off                ;
; Extract Verilog State Machines                                   ; On                 ; On                 ;
; Extract VHDL State Machines                                      ; On                 ; On                 ;
; Ignore Verilog initial constructs                                ; Off                ; Off                ;
; Iteration limit for constant Verilog loops                       ; 5000               ; 5000               ;
; Iteration limit for non-constant Verilog loops                   ; 250                ; 250                ;
; Add Pass-Through Logic to Inferred RAMs                          ; On                 ; On                 ;
; Infer RAMs from Raw Logic                                        ; On                 ; On                 ;
; Parallel Synthesis                                               ; On                 ; On                 ;
; DSP Block Balancing                                              ; Auto               ; Auto               ;
; NOT Gate Push-Back                                               ; On                 ; On                 ;
; Power-Up Don't Care                                              ; On                 ; On                 ;
; Remove Redundant Logic Cells                                     ; Off                ; Off                ;
; Remove Duplicate Registers                                       ; On                 ; On                 ;
; Ignore CARRY Buffers                                             ; Off                ; Off                ;
; Ignore CASCADE Buffers                                           ; Off                ; Off                ;
; Ignore GLOBAL Buffers                                            ; Off                ; Off                ;
; Ignore ROW GLOBAL Buffers                                        ; Off                ; Off                ;
; Ignore LCELL Buffers                                             ; Off                ; Off                ;
; Ignore SOFT Buffers                                              ; On                 ; On                 ;
; Limit AHDL Integers to 32 Bits                                   ; Off                ; Off                ;
; Optimization Technique                                           ; Balanced           ; Balanced           ;
; Carry Chain Length                                               ; 70                 ; 70                 ;
; Auto Carry Chains                                                ; On                 ; On                 ;
; Auto Open-Drain Pins                                             ; On                 ; On                 ;
; Perform WYSIWYG Primitive Resynthesis                            ; Off                ; Off                ;
; Auto ROM Replacement                                             ; On                 ; On                 ;
; Auto RAM Replacement                                             ; On                 ; On                 ;
; Auto DSP Block Replacement                                       ; On                 ; On                 ;
; Auto Shift Register Replacement                                  ; Auto               ; Auto               ;
; Allow Shift Register Merging across Hierarchies                  ; Auto               ; Auto               ;
; Auto Clock Enable Replacement                                    ; On                 ; On                 ;
; Strict RAM Replacement                                           ; Off                ; Off                ;
; Allow Synchronous Control Signals                                ; On                 ; On                 ;
; Force Use of Synchronous Clear Signals                           ; Off                ; Off                ;
; Auto RAM Block Balancing                                         ; On                 ; On                 ;
; Auto RAM to Logic Cell Conversion                                ; Off                ; Off                ;
; Auto Resource Sharing                                            ; Off                ; Off                ;
; Allow Any RAM Size For Recognition                               ; Off                ; Off                ;
; Allow Any ROM Size For Recognition                               ; Off                ; Off                ;
; Allow Any Shift Register Size For Recognition                    ; Off                ; Off                ;
; Use LogicLock Constraints during Resource Balancing              ; On                 ; On                 ;
; Ignore translate_off and synthesis_off directives                ; Off                ; Off                ;
; Timing-Driven Synthesis                                          ; On                 ; On                 ;
; Report Parameter Settings                                        ; On                 ; On                 ;
; Report Source Assignments                                        ; On                 ; On                 ;
; Report Connectivity Checks                                       ; On                 ; On                 ;
; Ignore Maximum Fan-Out Assignments                               ; Off                ; Off                ;
; Synchronization Register Chain Length                            ; 2                  ; 2                  ;
; Power Optimization During Synthesis                              ; Normal compilation ; Normal compilation ;
; HDL message level                                                ; Level2             ; Level2             ;
; Suppress Register Optimization Related Messages                  ; Off                ; Off                ;
; Number of Removed Registers Reported in Synthesis Report         ; 5000               ; 5000               ;
; Number of Swept Nodes Reported in Synthesis Report               ; 5000               ; 5000               ;
; Number of Inverted Registers Reported in Synthesis Report        ; 100                ; 100                ;
; Clock MUX Protection                                             ; On                 ; On                 ;
; Auto Gated Clock Conversion                                      ; Off                ; Off                ;
; Block Design Naming                                              ; Auto               ; Auto               ;
; SDC constraint protection                                        ; Off                ; Off                ;
; Synthesis Effort                                                 ; Auto               ; Auto               ;
; Shift Register Replacement - Allow Asynchronous Clear Signal     ; On                 ; On                 ;
; Pre-Mapping Resynthesis Optimization                             ; Off                ; Off                ;
; Analysis & Synthesis Message Level                               ; Medium             ; Medium             ;
; Disable Register Merging Across Hierarchies                      ; Auto               ; Auto               ;
; Resource Aware Inference For Block RAM                           ; On                 ; On                 ;
+------------------------------------------------------------------+--------------------+--------------------+


+------------------------------------------+
; Parallel Compilation                     ;
+----------------------------+-------------+
; Processors                 ; Number      ;
+----------------------------+-------------+
; Number detected on machine ; 12          ;
; Maximum allowed            ; 10          ;
;                            ;             ;
; Average used               ; 1.00        ;
; Maximum used               ; 1           ;
;                            ;             ;
; Usage by Processor         ; % Time Used ;
;     Processor 1            ; 100.0%      ;
+----------------------------+-------------+


+---------------------------------------------------------------------------------------------------------------------------------------------+
; Analysis & Synthesis Source Files Read                                                                                                      ;
+----------------------------------+-----------------+------------------------+-----------------------------------------------------+---------+
; File Name with User-Entered Path ; Used in Netlist ; File Type              ; File Name with Absolute Path                        ; Library ;
+----------------------------------+-----------------+------------------------+-----------------------------------------------------+---------+
; SubComp1bit.v                    ; yes             ; User Verilog HDL File  ; D:/Estudos/UEFS/PBLs/CD - Problema 2/SubComp1bit.v  ;         ;
; SubComp8bits.v                   ; yes             ; User Verilog HDL File  ; D:/Estudos/UEFS/PBLs/CD - Problema 2/SubComp8bits.v ;         ;
; Mux1por1.v                       ; yes             ; User Verilog HDL File  ; D:/Estudos/UEFS/PBLs/CD - Problema 2/Mux1por1.v     ;         ;
; Divisor.v                        ; yes             ; User Verilog HDL File  ; D:/Estudos/UEFS/PBLs/CD - Problema 2/Divisor.v      ;         ;
; MUX8para8.v                      ; yes             ; User Verilog HDL File  ; D:/Estudos/UEFS/PBLs/CD - Problema 2/MUX8para8.v    ;         ;
+----------------------------------+-----------------+------------------------+-----------------------------------------------------+---------+


+----------------------------------------------------------+
; Analysis & Synthesis Resource Usage Summary              ;
+---------------------------------------------+------------+
; Resource                                    ; Usage      ;
+---------------------------------------------+------------+
; Estimated Total logic elements              ; 102        ;
;                                             ;            ;
; Total combinational functions               ; 102        ;
; Logic element usage by number of LUT inputs ;            ;
;     -- 4 input functions                    ; 53         ;
;     -- 3 input functions                    ; 41         ;
;     -- <=2 input functions                  ; 8          ;
;                                             ;            ;
; Logic elements by mode                      ;            ;
;     -- normal mode                          ; 102        ;
;     -- arithmetic mode                      ; 0          ;
;                                             ;            ;
; Total registers                             ; 0          ;
;     -- Dedicated logic registers            ; 0          ;
;     -- I/O registers                        ; 0          ;
;                                             ;            ;
; I/O pins                                    ; 33         ;
;                                             ;            ;
; Embedded Multiplier 9-bit elements          ; 0          ;
;                                             ;            ;
; Maximum fan-out node                        ; B[0]~input ;
; Maximum fan-out                             ; 28         ;
; Total fan-out                               ; 401        ;
; Average fan-out                             ; 2.39       ;
+---------------------------------------------+------------+


+---------------------------------------------------------------------------------------------------------------------------------------------------------------------------------------------------------------------------------------------------------------+
; Analysis & Synthesis Resource Utilization by Entity                                                                                                                                                                                                           ;
+----------------------------+---------------------+---------------------------+-------------+------------+--------------+---------+-----------+------+--------------+------------+-----------------------------------------------+--------------+--------------+
; Compilation Hierarchy Node ; Combinational ALUTs ; Dedicated Logic Registers ; Memory Bits ; UFM Blocks ; DSP Elements ; DSP 9x9 ; DSP 18x18 ; Pins ; Virtual Pins ; ADC blocks ; Full Hierarchy Name                           ; Entity Name  ; Library Name ;
+----------------------------+---------------------+---------------------------+-------------+------------+--------------+---------+-----------+------+--------------+------------+-----------------------------------------------+--------------+--------------+
; |Divisor                   ; 102 (0)             ; 0 (0)                     ; 0           ; 0          ; 0            ; 0       ; 0         ; 33   ; 0            ; 0          ; |Divisor                                      ; Divisor      ; work         ;
;    |MUX8para8:Decisao0|    ; 1 (0)               ; 0 (0)                     ; 0           ; 0          ; 0            ; 0       ; 0         ; 0    ; 0            ; 0          ; |Divisor|MUX8para8:Decisao0                   ; MUX8para8    ; work         ;
;       |Mux1por1:mux_bit0|  ; 1 (1)               ; 0 (0)                     ; 0           ; 0          ; 0            ; 0       ; 0         ; 0    ; 0            ; 0          ; |Divisor|MUX8para8:Decisao0|Mux1por1:mux_bit0 ; Mux1por1     ; work         ;
;    |MUX8para8:Decisao1|    ; 2 (0)               ; 0 (0)                     ; 0           ; 0          ; 0            ; 0       ; 0         ; 0    ; 0            ; 0          ; |Divisor|MUX8para8:Decisao1                   ; MUX8para8    ; work         ;
;       |Mux1por1:mux_bit0|  ; 1 (1)               ; 0 (0)                     ; 0           ; 0          ; 0            ; 0       ; 0         ; 0    ; 0            ; 0          ; |Divisor|MUX8para8:Decisao1|Mux1por1:mux_bit0 ; Mux1por1     ; work         ;
;       |Mux1por1:mux_bit1|  ; 1 (1)               ; 0 (0)                     ; 0           ; 0          ; 0            ; 0       ; 0         ; 0    ; 0            ; 0          ; |Divisor|MUX8para8:Decisao1|Mux1por1:mux_bit1 ; Mux1por1     ; work         ;
;    |MUX8para8:Decisao2|    ; 4 (0)               ; 0 (0)                     ; 0           ; 0          ; 0            ; 0       ; 0         ; 0    ; 0            ; 0          ; |Divisor|MUX8para8:Decisao2                   ; MUX8para8    ; work         ;
;       |Mux1por1:mux_bit0|  ; 1 (1)               ; 0 (0)                     ; 0           ; 0          ; 0            ; 0       ; 0         ; 0    ; 0            ; 0          ; |Divisor|MUX8para8:Decisao2|Mux1por1:mux_bit0 ; Mux1por1     ; work         ;
;       |Mux1por1:mux_bit1|  ; 1 (1)               ; 0 (0)                     ; 0           ; 0          ; 0            ; 0       ; 0         ; 0    ; 0            ; 0          ; |Divisor|MUX8para8:Decisao2|Mux1por1:mux_bit1 ; Mux1por1     ; work         ;
;       |Mux1por1:mux_bit2|  ; 1 (1)               ; 0 (0)                     ; 0           ; 0          ; 0            ; 0       ; 0         ; 0    ; 0            ; 0          ; |Divisor|MUX8para8:Decisao2|Mux1por1:mux_bit2 ; Mux1por1     ; work         ;
;       |Mux1por1:mux_bit3|  ; 1 (1)               ; 0 (0)                     ; 0           ; 0          ; 0            ; 0       ; 0         ; 0    ; 0            ; 0          ; |Divisor|MUX8para8:Decisao2|Mux1por1:mux_bit3 ; Mux1por1     ; work         ;
;    |MUX8para8:Decisao3|    ; 7 (0)               ; 0 (0)                     ; 0           ; 0          ; 0            ; 0       ; 0         ; 0    ; 0            ; 0          ; |Divisor|MUX8para8:Decisao3                   ; MUX8para8    ; work         ;
;       |Mux1por1:mux_bit0|  ; 1 (1)               ; 0 (0)                     ; 0           ; 0          ; 0            ; 0       ; 0         ; 0    ; 0            ; 0          ; |Divisor|MUX8para8:Decisao3|Mux1por1:mux_bit0 ; Mux1por1     ; work         ;
;       |Mux1por1:mux_bit1|  ; 1 (1)               ; 0 (0)                     ; 0           ; 0          ; 0            ; 0       ; 0         ; 0    ; 0            ; 0          ; |Divisor|MUX8para8:Decisao3|Mux1por1:mux_bit1 ; Mux1por1     ; work         ;
;       |Mux1por1:mux_bit2|  ; 1 (1)               ; 0 (0)                     ; 0           ; 0          ; 0            ; 0       ; 0         ; 0    ; 0            ; 0          ; |Divisor|MUX8para8:Decisao3|Mux1por1:mux_bit2 ; Mux1por1     ; work         ;
;       |Mux1por1:mux_bit3|  ; 1 (1)               ; 0 (0)                     ; 0           ; 0          ; 0            ; 0       ; 0         ; 0    ; 0            ; 0          ; |Divisor|MUX8para8:Decisao3|Mux1por1:mux_bit3 ; Mux1por1     ; work         ;
;       |Mux1por1:mux_bit4|  ; 1 (1)               ; 0 (0)                     ; 0           ; 0          ; 0            ; 0       ; 0         ; 0    ; 0            ; 0          ; |Divisor|MUX8para8:Decisao3|Mux1por1:mux_bit4 ; Mux1por1     ; work         ;
;       |Mux1por1:mux_bit5|  ; 1 (1)               ; 0 (0)                     ; 0           ; 0          ; 0            ; 0       ; 0         ; 0    ; 0            ; 0          ; |Divisor|MUX8para8:Decisao3|Mux1por1:mux_bit5 ; Mux1por1     ; work         ;
;       |Mux1por1:mux_bit6|  ; 1 (1)               ; 0 (0)                     ; 0           ; 0          ; 0            ; 0       ; 0         ; 0    ; 0            ; 0          ; |Divisor|MUX8para8:Decisao3|Mux1por1:mux_bit6 ; Mux1por1     ; work         ;
;    |MUX8para8:Decisao4|    ; 7 (0)               ; 0 (0)                     ; 0           ; 0          ; 0            ; 0       ; 0         ; 0    ; 0            ; 0          ; |Divisor|MUX8para8:Decisao4                   ; MUX8para8    ; work         ;
;       |Mux1por1:mux_bit0|  ; 1 (1)               ; 0 (0)                     ; 0           ; 0          ; 0            ; 0       ; 0         ; 0    ; 0            ; 0          ; |Divisor|MUX8para8:Decisao4|Mux1por1:mux_bit0 ; Mux1por1     ; work         ;
;       |Mux1por1:mux_bit1|  ; 1 (1)               ; 0 (0)                     ; 0           ; 0          ; 0            ; 0       ; 0         ; 0    ; 0            ; 0          ; |Divisor|MUX8para8:Decisao4|Mux1por1:mux_bit1 ; Mux1por1     ; work         ;
;       |Mux1por1:mux_bit2|  ; 1 (1)               ; 0 (0)                     ; 0           ; 0          ; 0            ; 0       ; 0         ; 0    ; 0            ; 0          ; |Divisor|MUX8para8:Decisao4|Mux1por1:mux_bit2 ; Mux1por1     ; work         ;
;       |Mux1por1:mux_bit3|  ; 1 (1)               ; 0 (0)                     ; 0           ; 0          ; 0            ; 0       ; 0         ; 0    ; 0            ; 0          ; |Divisor|MUX8para8:Decisao4|Mux1por1:mux_bit3 ; Mux1por1     ; work         ;
;       |Mux1por1:mux_bit4|  ; 1 (1)               ; 0 (0)                     ; 0           ; 0          ; 0            ; 0       ; 0         ; 0    ; 0            ; 0          ; |Divisor|MUX8para8:Decisao4|Mux1por1:mux_bit4 ; Mux1por1     ; work         ;
;       |Mux1por1:mux_bit5|  ; 1 (1)               ; 0 (0)                     ; 0           ; 0          ; 0            ; 0       ; 0         ; 0    ; 0            ; 0          ; |Divisor|MUX8para8:Decisao4|Mux1por1:mux_bit5 ; Mux1por1     ; work         ;
;       |Mux1por1:mux_bit6|  ; 1 (1)               ; 0 (0)                     ; 0           ; 0          ; 0            ; 0       ; 0         ; 0    ; 0            ; 0          ; |Divisor|MUX8para8:Decisao4|Mux1por1:mux_bit6 ; Mux1por1     ; work         ;
;    |MUX8para8:Decisao5|    ; 7 (0)               ; 0 (0)                     ; 0           ; 0          ; 0            ; 0       ; 0         ; 0    ; 0            ; 0          ; |Divisor|MUX8para8:Decisao5                   ; MUX8para8    ; work         ;
;       |Mux1por1:mux_bit0|  ; 1 (1)               ; 0 (0)                     ; 0           ; 0          ; 0            ; 0       ; 0         ; 0    ; 0            ; 0          ; |Divisor|MUX8para8:Decisao5|Mux1por1:mux_bit0 ; Mux1por1     ; work         ;
;       |Mux1por1:mux_bit1|  ; 1 (1)               ; 0 (0)                     ; 0           ; 0          ; 0            ; 0       ; 0         ; 0    ; 0            ; 0          ; |Divisor|MUX8para8:Decisao5|Mux1por1:mux_bit1 ; Mux1por1     ; work         ;
;       |Mux1por1:mux_bit2|  ; 1 (1)               ; 0 (0)                     ; 0           ; 0          ; 0            ; 0       ; 0         ; 0    ; 0            ; 0          ; |Divisor|MUX8para8:Decisao5|Mux1por1:mux_bit2 ; Mux1por1     ; work         ;
;       |Mux1por1:mux_bit3|  ; 1 (1)               ; 0 (0)                     ; 0           ; 0          ; 0            ; 0       ; 0         ; 0    ; 0            ; 0          ; |Divisor|MUX8para8:Decisao5|Mux1por1:mux_bit3 ; Mux1por1     ; work         ;
;       |Mux1por1:mux_bit4|  ; 1 (1)               ; 0 (0)                     ; 0           ; 0          ; 0            ; 0       ; 0         ; 0    ; 0            ; 0          ; |Divisor|MUX8para8:Decisao5|Mux1por1:mux_bit4 ; Mux1por1     ; work         ;
;       |Mux1por1:mux_bit5|  ; 1 (1)               ; 0 (0)                     ; 0           ; 0          ; 0            ; 0       ; 0         ; 0    ; 0            ; 0          ; |Divisor|MUX8para8:Decisao5|Mux1por1:mux_bit5 ; Mux1por1     ; work         ;
;       |Mux1por1:mux_bit6|  ; 1 (1)               ; 0 (0)                     ; 0           ; 0          ; 0            ; 0       ; 0         ; 0    ; 0            ; 0          ; |Divisor|MUX8para8:Decisao5|Mux1por1:mux_bit6 ; Mux1por1     ; work         ;
;    |MUX8para8:Decisao6|    ; 7 (0)               ; 0 (0)                     ; 0           ; 0          ; 0            ; 0       ; 0         ; 0    ; 0            ; 0          ; |Divisor|MUX8para8:Decisao6                   ; MUX8para8    ; work         ;
;       |Mux1por1:mux_bit0|  ; 1 (1)               ; 0 (0)                     ; 0           ; 0          ; 0            ; 0       ; 0         ; 0    ; 0            ; 0          ; |Divisor|MUX8para8:Decisao6|Mux1por1:mux_bit0 ; Mux1por1     ; work         ;
;       |Mux1por1:mux_bit1|  ; 1 (1)               ; 0 (0)                     ; 0           ; 0          ; 0            ; 0       ; 0         ; 0    ; 0            ; 0          ; |Divisor|MUX8para8:Decisao6|Mux1por1:mux_bit1 ; Mux1por1     ; work         ;
;       |Mux1por1:mux_bit2|  ; 1 (1)               ; 0 (0)                     ; 0           ; 0          ; 0            ; 0       ; 0         ; 0    ; 0            ; 0          ; |Divisor|MUX8para8:Decisao6|Mux1por1:mux_bit2 ; Mux1por1     ; work         ;
;       |Mux1por1:mux_bit3|  ; 1 (1)               ; 0 (0)                     ; 0           ; 0          ; 0            ; 0       ; 0         ; 0    ; 0            ; 0          ; |Divisor|MUX8para8:Decisao6|Mux1por1:mux_bit3 ; Mux1por1     ; work         ;
;       |Mux1por1:mux_bit4|  ; 1 (1)               ; 0 (0)                     ; 0           ; 0          ; 0            ; 0       ; 0         ; 0    ; 0            ; 0          ; |Divisor|MUX8para8:Decisao6|Mux1por1:mux_bit4 ; Mux1por1     ; work         ;
;       |Mux1por1:mux_bit5|  ; 1 (1)               ; 0 (0)                     ; 0           ; 0          ; 0            ; 0       ; 0         ; 0    ; 0            ; 0          ; |Divisor|MUX8para8:Decisao6|Mux1por1:mux_bit5 ; Mux1por1     ; work         ;
;       |Mux1por1:mux_bit6|  ; 1 (1)               ; 0 (0)                     ; 0           ; 0          ; 0            ; 0       ; 0         ; 0    ; 0            ; 0          ; |Divisor|MUX8para8:Decisao6|Mux1por1:mux_bit6 ; Mux1por1     ; work         ;
;    |MUX8para8:Decisao7|    ; 8 (0)               ; 0 (0)                     ; 0           ; 0          ; 0            ; 0       ; 0         ; 0    ; 0            ; 0          ; |Divisor|MUX8para8:Decisao7                   ; MUX8para8    ; work         ;
;       |Mux1por1:mux_bit0|  ; 1 (1)               ; 0 (0)                     ; 0           ; 0          ; 0            ; 0       ; 0         ; 0    ; 0            ; 0          ; |Divisor|MUX8para8:Decisao7|Mux1por1:mux_bit0 ; Mux1por1     ; work         ;
;       |Mux1por1:mux_bit1|  ; 1 (1)               ; 0 (0)                     ; 0           ; 0          ; 0            ; 0       ; 0         ; 0    ; 0            ; 0          ; |Divisor|MUX8para8:Decisao7|Mux1por1:mux_bit1 ; Mux1por1     ; work         ;
;       |Mux1por1:mux_bit2|  ; 1 (1)               ; 0 (0)                     ; 0           ; 0          ; 0            ; 0       ; 0         ; 0    ; 0            ; 0          ; |Divisor|MUX8para8:Decisao7|Mux1por1:mux_bit2 ; Mux1por1     ; work         ;
;       |Mux1por1:mux_bit3|  ; 1 (1)               ; 0 (0)                     ; 0           ; 0          ; 0            ; 0       ; 0         ; 0    ; 0            ; 0          ; |Divisor|MUX8para8:Decisao7|Mux1por1:mux_bit3 ; Mux1por1     ; work         ;
;       |Mux1por1:mux_bit4|  ; 1 (1)               ; 0 (0)                     ; 0           ; 0          ; 0            ; 0       ; 0         ; 0    ; 0            ; 0          ; |Divisor|MUX8para8:Decisao7|Mux1por1:mux_bit4 ; Mux1por1     ; work         ;
;       |Mux1por1:mux_bit5|  ; 1 (1)               ; 0 (0)                     ; 0           ; 0          ; 0            ; 0       ; 0         ; 0    ; 0            ; 0          ; |Divisor|MUX8para8:Decisao7|Mux1por1:mux_bit5 ; Mux1por1     ; work         ;
;       |Mux1por1:mux_bit6|  ; 1 (1)               ; 0 (0)                     ; 0           ; 0          ; 0            ; 0       ; 0         ; 0    ; 0            ; 0          ; |Divisor|MUX8para8:Decisao7|Mux1por1:mux_bit6 ; Mux1por1     ; work         ;
;       |Mux1por1:mux_bit7|  ; 1 (1)               ; 0 (0)                     ; 0           ; 0          ; 0            ; 0       ; 0         ; 0    ; 0            ; 0          ; |Divisor|MUX8para8:Decisao7|Mux1por1:mux_bit7 ; Mux1por1     ; work         ;
;    |SubComp8bits:sub0|     ; 4 (0)               ; 0 (0)                     ; 0           ; 0          ; 0            ; 0       ; 0         ; 0    ; 0            ; 0          ; |Divisor|SubComp8bits:sub0                    ; SubComp8bits ; work         ;
;       |SubComp1bit:U7|     ; 4 (4)               ; 0 (0)                     ; 0           ; 0          ; 0            ; 0       ; 0         ; 0    ; 0            ; 0          ; |Divisor|SubComp8bits:sub0|SubComp1bit:U7     ; SubComp1bit  ; work         ;
;    |SubComp8bits:sub1|     ; 5 (0)               ; 0 (0)                     ; 0           ; 0          ; 0            ; 0       ; 0         ; 0    ; 0            ; 0          ; |Divisor|SubComp8bits:sub1                    ; SubComp8bits ; work         ;
;       |SubComp1bit:U0|     ; 1 (1)               ; 0 (0)                     ; 0           ; 0          ; 0            ; 0       ; 0         ; 0    ; 0            ; 0          ; |Divisor|SubComp8bits:sub1|SubComp1bit:U0     ; SubComp1bit  ; work         ;
;       |SubComp1bit:U1|     ; 2 (2)               ; 0 (0)                     ; 0           ; 0          ; 0            ; 0       ; 0         ; 0    ; 0            ; 0          ; |Divisor|SubComp8bits:sub1|SubComp1bit:U1     ; SubComp1bit  ; work         ;
;       |SubComp1bit:U7|     ; 2 (2)               ; 0 (0)                     ; 0           ; 0          ; 0            ; 0       ; 0         ; 0    ; 0            ; 0          ; |Divisor|SubComp8bits:sub1|SubComp1bit:U7     ; SubComp1bit  ; work         ;
;    |SubComp8bits:sub2|     ; 8 (0)               ; 0 (0)                     ; 0           ; 0          ; 0            ; 0       ; 0         ; 0    ; 0            ; 0          ; |Divisor|SubComp8bits:sub2                    ; SubComp8bits ; work         ;
;       |SubComp1bit:U0|     ; 1 (1)               ; 0 (0)                     ; 0           ; 0          ; 0            ; 0       ; 0         ; 0    ; 0            ; 0          ; |Divisor|SubComp8bits:sub2|SubComp1bit:U0     ; SubComp1bit  ; work         ;
;       |SubComp1bit:U1|     ; 1 (1)               ; 0 (0)                     ; 0           ; 0          ; 0            ; 0       ; 0         ; 0    ; 0            ; 0          ; |Divisor|SubComp8bits:sub2|SubComp1bit:U1     ; SubComp1bit  ; work         ;
;       |SubComp1bit:U2|     ; 1 (1)               ; 0 (0)                     ; 0           ; 0          ; 0            ; 0       ; 0         ; 0    ; 0            ; 0          ; |Divisor|SubComp8bits:sub2|SubComp1bit:U2     ; SubComp1bit  ; work         ;
;       |SubComp1bit:U3|     ; 2 (2)               ; 0 (0)                     ; 0           ; 0          ; 0            ; 0       ; 0         ; 0    ; 0            ; 0          ; |Divisor|SubComp8bits:sub2|SubComp1bit:U3     ; SubComp1bit  ; work         ;
;       |SubComp1bit:U5|     ; 1 (1)               ; 0 (0)                     ; 0           ; 0          ; 0            ; 0       ; 0         ; 0    ; 0            ; 0          ; |Divisor|SubComp8bits:sub2|SubComp1bit:U5     ; SubComp1bit  ; work         ;
;       |SubComp1bit:U7|     ; 2 (2)               ; 0 (0)                     ; 0           ; 0          ; 0            ; 0       ; 0         ; 0    ; 0            ; 0          ; |Divisor|SubComp8bits:sub2|SubComp1bit:U7     ; SubComp1bit  ; work         ;
;    |SubComp8bits:sub3|     ; 8 (0)               ; 0 (0)                     ; 0           ; 0          ; 0            ; 0       ; 0         ; 0    ; 0            ; 0          ; |Divisor|SubComp8bits:sub3                    ; SubComp8bits ; work         ;
;       |SubComp1bit:U1|     ; 2 (2)               ; 0 (0)                     ; 0           ; 0          ; 0            ; 0       ; 0         ; 0    ; 0            ; 0          ; |Divisor|SubComp8bits:sub3|SubComp1bit:U1     ; SubComp1bit  ; work         ;
;       |SubComp1bit:U2|     ; 1 (1)               ; 0 (0)                     ; 0           ; 0          ; 0            ; 0       ; 0         ; 0    ; 0            ; 0          ; |Divisor|SubComp8bits:sub3|SubComp1bit:U2     ; SubComp1bit  ; work         ;
;       |SubComp1bit:U3|     ; 1 (1)               ; 0 (0)                     ; 0           ; 0          ; 0            ; 0       ; 0         ; 0    ; 0            ; 0          ; |Divisor|SubComp8bits:sub3|SubComp1bit:U3     ; SubComp1bit  ; work         ;
;       |SubComp1bit:U4|     ; 1 (1)               ; 0 (0)                     ; 0           ; 0          ; 0            ; 0       ; 0         ; 0    ; 0            ; 0          ; |Divisor|SubComp8bits:sub3|SubComp1bit:U4     ; SubComp1bit  ; work         ;
;       |SubComp1bit:U5|     ; 1 (1)               ; 0 (0)                     ; 0           ; 0          ; 0            ; 0       ; 0         ; 0    ; 0            ; 0          ; |Divisor|SubComp8bits:sub3|SubComp1bit:U5     ; SubComp1bit  ; work         ;
;       |SubComp1bit:U7|     ; 2 (2)               ; 0 (0)                     ; 0           ; 0          ; 0            ; 0       ; 0         ; 0    ; 0            ; 0          ; |Divisor|SubComp8bits:sub3|SubComp1bit:U7     ; SubComp1bit  ; work         ;
;    |SubComp8bits:sub4|     ; 8 (0)               ; 0 (0)                     ; 0           ; 0          ; 0            ; 0       ; 0         ; 0    ; 0            ; 0          ; |Divisor|SubComp8bits:sub4                    ; SubComp8bits ; work         ;
;       |SubComp1bit:U0|     ; 1 (1)               ; 0 (0)                     ; 0           ; 0          ; 0            ; 0       ; 0         ; 0    ; 0            ; 0          ; |Divisor|SubComp8bits:sub4|SubComp1bit:U0     ; SubComp1bit  ; work         ;
;       |SubComp1bit:U1|     ; 1 (1)               ; 0 (0)                     ; 0           ; 0          ; 0            ; 0       ; 0         ; 0    ; 0            ; 0          ; |Divisor|SubComp8bits:sub4|SubComp1bit:U1     ; SubComp1bit  ; work         ;
;       |SubComp1bit:U2|     ; 1 (1)               ; 0 (0)                     ; 0           ; 0          ; 0            ; 0       ; 0         ; 0    ; 0            ; 0          ; |Divisor|SubComp8bits:sub4|SubComp1bit:U2     ; SubComp1bit  ; work         ;
;       |SubComp1bit:U3|     ; 1 (1)               ; 0 (0)                     ; 0           ; 0          ; 0            ; 0       ; 0         ; 0    ; 0            ; 0          ; |Divisor|SubComp8bits:sub4|SubComp1bit:U3     ; SubComp1bit  ; work         ;
;       |SubComp1bit:U4|     ; 1 (1)               ; 0 (0)                     ; 0           ; 0          ; 0            ; 0       ; 0         ; 0    ; 0            ; 0          ; |Divisor|SubComp8bits:sub4|SubComp1bit:U4     ; SubComp1bit  ; work         ;
;       |SubComp1bit:U5|     ; 1 (1)               ; 0 (0)                     ; 0           ; 0          ; 0            ; 0       ; 0         ; 0    ; 0            ; 0          ; |Divisor|SubComp8bits:sub4|SubComp1bit:U5     ; SubComp1bit  ; work         ;
;       |SubComp1bit:U6|     ; 1 (1)               ; 0 (0)                     ; 0           ; 0          ; 0            ; 0       ; 0         ; 0    ; 0            ; 0          ; |Divisor|SubComp8bits:sub4|SubComp1bit:U6     ; SubComp1bit  ; work         ;
;       |SubComp1bit:U7|     ; 1 (1)               ; 0 (0)                     ; 0           ; 0          ; 0            ; 0       ; 0         ; 0    ; 0            ; 0          ; |Divisor|SubComp8bits:sub4|SubComp1bit:U7     ; SubComp1bit  ; work         ;
;    |SubComp8bits:sub5|     ; 8 (0)               ; 0 (0)                     ; 0           ; 0          ; 0            ; 0       ; 0         ; 0    ; 0            ; 0          ; |Divisor|SubComp8bits:sub5                    ; SubComp8bits ; work         ;
;       |SubComp1bit:U0|     ; 1 (1)               ; 0 (0)                     ; 0           ; 0          ; 0            ; 0       ; 0         ; 0    ; 0            ; 0          ; |Divisor|SubComp8bits:sub5|SubComp1bit:U0     ; SubComp1bit  ; work         ;
;       |SubComp1bit:U1|     ; 1 (1)               ; 0 (0)                     ; 0           ; 0          ; 0            ; 0       ; 0         ; 0    ; 0            ; 0          ; |Divisor|SubComp8bits:sub5|SubComp1bit:U1     ; SubComp1bit  ; work         ;
;       |SubComp1bit:U2|     ; 1 (1)               ; 0 (0)                     ; 0           ; 0          ; 0            ; 0       ; 0         ; 0    ; 0            ; 0          ; |Divisor|SubComp8bits:sub5|SubComp1bit:U2     ; SubComp1bit  ; work         ;
;       |SubComp1bit:U3|     ; 1 (1)               ; 0 (0)                     ; 0           ; 0          ; 0            ; 0       ; 0         ; 0    ; 0            ; 0          ; |Divisor|SubComp8bits:sub5|SubComp1bit:U3     ; SubComp1bit  ; work         ;
;       |SubComp1bit:U4|     ; 1 (1)               ; 0 (0)                     ; 0           ; 0          ; 0            ; 0       ; 0         ; 0    ; 0            ; 0          ; |Divisor|SubComp8bits:sub5|SubComp1bit:U4     ; SubComp1bit  ; work         ;
;       |SubComp1bit:U5|     ; 1 (1)               ; 0 (0)                     ; 0           ; 0          ; 0            ; 0       ; 0         ; 0    ; 0            ; 0          ; |Divisor|SubComp8bits:sub5|SubComp1bit:U5     ; SubComp1bit  ; work         ;
;       |SubComp1bit:U6|     ; 1 (1)               ; 0 (0)                     ; 0           ; 0          ; 0            ; 0       ; 0         ; 0    ; 0            ; 0          ; |Divisor|SubComp8bits:sub5|SubComp1bit:U6     ; SubComp1bit  ; work         ;
;       |SubComp1bit:U7|     ; 1 (1)               ; 0 (0)                     ; 0           ; 0          ; 0            ; 0       ; 0         ; 0    ; 0            ; 0          ; |Divisor|SubComp8bits:sub5|SubComp1bit:U7     ; SubComp1bit  ; work         ;
;    |SubComp8bits:sub6|     ; 10 (0)              ; 0 (0)                     ; 0           ; 0          ; 0            ; 0       ; 0         ; 0    ; 0            ; 0          ; |Divisor|SubComp8bits:sub6                    ; SubComp8bits ; work         ;
;       |SubComp1bit:U0|     ; 1 (1)               ; 0 (0)                     ; 0           ; 0          ; 0            ; 0       ; 0         ; 0    ; 0            ; 0          ; |Divisor|SubComp8bits:sub6|SubComp1bit:U0     ; SubComp1bit  ; work         ;
;       |SubComp1bit:U1|     ; 1 (1)               ; 0 (0)                     ; 0           ; 0          ; 0            ; 0       ; 0         ; 0    ; 0            ; 0          ; |Divisor|SubComp8bits:sub6|SubComp1bit:U1     ; SubComp1bit  ; work         ;
;       |SubComp1bit:U2|     ; 3 (3)               ; 0 (0)                     ; 0           ; 0          ; 0            ; 0       ; 0         ; 0    ; 0            ; 0          ; |Divisor|SubComp8bits:sub6|SubComp1bit:U2     ; SubComp1bit  ; work         ;
;       |SubComp1bit:U3|     ; 1 (1)               ; 0 (0)                     ; 0           ; 0          ; 0            ; 0       ; 0         ; 0    ; 0            ; 0          ; |Divisor|SubComp8bits:sub6|SubComp1bit:U3     ; SubComp1bit  ; work         ;
;       |SubComp1bit:U4|     ; 1 (1)               ; 0 (0)                     ; 0           ; 0          ; 0            ; 0       ; 0         ; 0    ; 0            ; 0          ; |Divisor|SubComp8bits:sub6|SubComp1bit:U4     ; SubComp1bit  ; work         ;
;       |SubComp1bit:U5|     ; 1 (1)               ; 0 (0)                     ; 0           ; 0          ; 0            ; 0       ; 0         ; 0    ; 0            ; 0          ; |Divisor|SubComp8bits:sub6|SubComp1bit:U5     ; SubComp1bit  ; work         ;
;       |SubComp1bit:U6|     ; 1 (1)               ; 0 (0)                     ; 0           ; 0          ; 0            ; 0       ; 0         ; 0    ; 0            ; 0          ; |Divisor|SubComp8bits:sub6|SubComp1bit:U6     ; SubComp1bit  ; work         ;
;       |SubComp1bit:U7|     ; 1 (1)               ; 0 (0)                     ; 0           ; 0          ; 0            ; 0       ; 0         ; 0    ; 0            ; 0          ; |Divisor|SubComp8bits:sub6|SubComp1bit:U7     ; SubComp1bit  ; work         ;
;    |SubComp8bits:sub7|     ; 8 (0)               ; 0 (0)                     ; 0           ; 0          ; 0            ; 0       ; 0         ; 0    ; 0            ; 0          ; |Divisor|SubComp8bits:sub7                    ; SubComp8bits ; work         ;
;       |SubComp1bit:U0|     ; 1 (1)               ; 0 (0)                     ; 0           ; 0          ; 0            ; 0       ; 0         ; 0    ; 0            ; 0          ; |Divisor|SubComp8bits:sub7|SubComp1bit:U0     ; SubComp1bit  ; work         ;
;       |SubComp1bit:U1|     ; 1 (1)               ; 0 (0)                     ; 0           ; 0          ; 0            ; 0       ; 0         ; 0    ; 0            ; 0          ; |Divisor|SubComp8bits:sub7|SubComp1bit:U1     ; SubComp1bit  ; work         ;
;       |SubComp1bit:U2|     ; 1 (1)               ; 0 (0)                     ; 0           ; 0          ; 0            ; 0       ; 0         ; 0    ; 0            ; 0          ; |Divisor|SubComp8bits:sub7|SubComp1bit:U2     ; SubComp1bit  ; work         ;
;       |SubComp1bit:U3|     ; 1 (1)               ; 0 (0)                     ; 0           ; 0          ; 0            ; 0       ; 0         ; 0    ; 0            ; 0          ; |Divisor|SubComp8bits:sub7|SubComp1bit:U3     ; SubComp1bit  ; work         ;
;       |SubComp1bit:U4|     ; 1 (1)               ; 0 (0)                     ; 0           ; 0          ; 0            ; 0       ; 0         ; 0    ; 0            ; 0          ; |Divisor|SubComp8bits:sub7|SubComp1bit:U4     ; SubComp1bit  ; work         ;
;       |SubComp1bit:U5|     ; 1 (1)               ; 0 (0)                     ; 0           ; 0          ; 0            ; 0       ; 0         ; 0    ; 0            ; 0          ; |Divisor|SubComp8bits:sub7|SubComp1bit:U5     ; SubComp1bit  ; work         ;
;       |SubComp1bit:U6|     ; 1 (1)               ; 0 (0)                     ; 0           ; 0          ; 0            ; 0       ; 0         ; 0    ; 0            ; 0          ; |Divisor|SubComp8bits:sub7|SubComp1bit:U6     ; SubComp1bit  ; work         ;
;       |SubComp1bit:U7|     ; 1 (1)               ; 0 (0)                     ; 0           ; 0          ; 0            ; 0       ; 0         ; 0    ; 0            ; 0          ; |Divisor|SubComp8bits:sub7|SubComp1bit:U7     ; SubComp1bit  ; work         ;
+----------------------------+---------------------+---------------------------+-------------+------------+--------------+---------+-----------+------+--------------+------------+-----------------------------------------------+--------------+--------------+
Note: For table entries with two numbers listed, the numbers in parentheses indicate the number of resources of the given type used by the specific entity alone. The numbers listed outside of parentheses indicate the total resources of the given type used by the specific entity and all of its sub-entities in the hierarchy.


+------------------------------------------------------+
; General Register Statistics                          ;
+----------------------------------------------+-------+
; Statistic                                    ; Value ;
+----------------------------------------------+-------+
; Total registers                              ; 0     ;
; Number of registers using Synchronous Clear  ; 0     ;
; Number of registers using Synchronous Load   ; 0     ;
; Number of registers using Asynchronous Clear ; 0     ;
; Number of registers using Asynchronous Load  ; 0     ;
; Number of registers using Clock Enable       ; 0     ;
; Number of registers using Preset             ; 0     ;
+----------------------------------------------+-------+


+-----------------------------------------------+
; Port Connectivity Checks: "SubComp8bits:sub7" ;
+------+-------+----------+---------------------+
; Port ; Type  ; Severity ; Details             ;
+------+-------+----------+---------------------+
; Bin  ; Input ; Info     ; Stuck at GND        ;
+------+-------+----------+---------------------+


+----------------------------------------------------------------------------------------------------------------+
; Port Connectivity Checks: "MUX8para8:Decisao6"                                                                 ;
+------+--------+----------+-------------------------------------------------------------------------------------+
; Port ; Type   ; Severity ; Details                                                                             ;
+------+--------+----------+-------------------------------------------------------------------------------------+
; S[7] ; Output ; Info     ; Connected to dangling logic. Logic that only feeds a dangling port will be removed. ;
+------+--------+----------+-------------------------------------------------------------------------------------+


+-----------------------------------------------+
; Port Connectivity Checks: "SubComp8bits:sub6" ;
+------+-------+----------+---------------------+
; Port ; Type  ; Severity ; Details             ;
+------+-------+----------+---------------------+
; Bin  ; Input ; Info     ; Stuck at GND        ;
+------+-------+----------+---------------------+


+----------------------------------------------------------------------------------------------------------------+
; Port Connectivity Checks: "MUX8para8:Decisao5"                                                                 ;
+------+--------+----------+-------------------------------------------------------------------------------------+
; Port ; Type   ; Severity ; Details                                                                             ;
+------+--------+----------+-------------------------------------------------------------------------------------+
; S[7] ; Output ; Info     ; Connected to dangling logic. Logic that only feeds a dangling port will be removed. ;
+------+--------+----------+-------------------------------------------------------------------------------------+


+-----------------------------------------------+
; Port Connectivity Checks: "SubComp8bits:sub5" ;
+------+-------+----------+---------------------+
; Port ; Type  ; Severity ; Details             ;
+------+-------+----------+---------------------+
; Bin  ; Input ; Info     ; Stuck at GND        ;
+------+-------+----------+---------------------+


+----------------------------------------------------------------------------------------------------------------+
; Port Connectivity Checks: "MUX8para8:Decisao4"                                                                 ;
+------+--------+----------+-------------------------------------------------------------------------------------+
; Port ; Type   ; Severity ; Details                                                                             ;
+------+--------+----------+-------------------------------------------------------------------------------------+
; S[7] ; Output ; Info     ; Connected to dangling logic. Logic that only feeds a dangling port will be removed. ;
+------+--------+----------+-------------------------------------------------------------------------------------+


+-----------------------------------------------+
; Port Connectivity Checks: "SubComp8bits:sub4" ;
+------+-------+----------+---------------------+
; Port ; Type  ; Severity ; Details             ;
+------+-------+----------+---------------------+
; Bin  ; Input ; Info     ; Stuck at GND        ;
+------+-------+----------+---------------------+


+----------------------------------------------------------------------------------------------------------------+
; Port Connectivity Checks: "MUX8para8:Decisao3"                                                                 ;
+------+--------+----------+-------------------------------------------------------------------------------------+
; Port ; Type   ; Severity ; Details                                                                             ;
+------+--------+----------+-------------------------------------------------------------------------------------+
; S[7] ; Output ; Info     ; Connected to dangling logic. Logic that only feeds a dangling port will be removed. ;
+------+--------+----------+-------------------------------------------------------------------------------------+


+-----------------------------------------------+
; Port Connectivity Checks: "SubComp8bits:sub3" ;
+------+-------+----------+---------------------+
; Port ; Type  ; Severity ; Details             ;
+------+-------+----------+---------------------+
; Bin  ; Input ; Info     ; Stuck at GND        ;
+------+-------+----------+---------------------+


+----------------------------------------------------------------------------------------------------------------+
; Port Connectivity Checks: "MUX8para8:Decisao2"                                                                 ;
+------+--------+----------+-------------------------------------------------------------------------------------+
; Port ; Type   ; Severity ; Details                                                                             ;
+------+--------+----------+-------------------------------------------------------------------------------------+
; S[7] ; Output ; Info     ; Connected to dangling logic. Logic that only feeds a dangling port will be removed. ;
+------+--------+----------+-------------------------------------------------------------------------------------+


+-----------------------------------------------+
; Port Connectivity Checks: "SubComp8bits:sub2" ;
+------+-------+----------+---------------------+
; Port ; Type  ; Severity ; Details             ;
+------+-------+----------+---------------------+
; Bin  ; Input ; Info     ; Stuck at GND        ;
+------+-------+----------+---------------------+


+----------------------------------------------------------------------------------------------------------------+
; Port Connectivity Checks: "MUX8para8:Decisao1"                                                                 ;
+------+--------+----------+-------------------------------------------------------------------------------------+
; Port ; Type   ; Severity ; Details                                                                             ;
+------+--------+----------+-------------------------------------------------------------------------------------+
; S[7] ; Output ; Info     ; Connected to dangling logic. Logic that only feeds a dangling port will be removed. ;
+------+--------+----------+-------------------------------------------------------------------------------------+


+-----------------------------------------------+
; Port Connectivity Checks: "SubComp8bits:sub1" ;
+------+-------+----------+---------------------+
; Port ; Type  ; Severity ; Details             ;
+------+-------+----------+---------------------+
; Bin  ; Input ; Info     ; Stuck at GND        ;
+------+-------+----------+---------------------+


+-------------------------------------------------------------------------------------------------------------------------------------------------------------------------+
; Port Connectivity Checks: "MUX8para8:Decisao0"                                                                                                                          ;
+---------+--------+----------+-------------------------------------------------------------------------------------------------------------------------------------------+
; Port    ; Type   ; Severity ; Details                                                                                                                                   ;
+---------+--------+----------+-------------------------------------------------------------------------------------------------------------------------------------------+
; S[7]    ; Output ; Info     ; Connected to dangling logic. Logic that only feeds a dangling port will be removed.                                                       ;
; B       ; Input  ; Warning  ; Input port expression (7 bits) is smaller than the input port (8 bits) it drives.  Extra input bit(s) "B[7..7]" will be connected to GND. ;
; B[6..1] ; Input  ; Info     ; Stuck at GND                                                                                                                              ;
+---------+--------+----------+-------------------------------------------------------------------------------------------------------------------------------------------+


+------------------------------------------------------------------------------------------------------------------------------------------------------------------------+
; Port Connectivity Checks: "SubComp8bits:sub0"                                                                                                                          ;
+---------+-------+----------+-------------------------------------------------------------------------------------------------------------------------------------------+
; Port    ; Type  ; Severity ; Details                                                                                                                                   ;
+---------+-------+----------+-------------------------------------------------------------------------------------------------------------------------------------------+
; A       ; Input ; Warning  ; Input port expression (7 bits) is smaller than the input port (8 bits) it drives.  Extra input bit(s) "A[7..7]" will be connected to GND. ;
; A[6..1] ; Input ; Info     ; Stuck at GND                                                                                                                              ;
; Bin     ; Input ; Info     ; Stuck at GND                                                                                                                              ;
+---------+-------+----------+-------------------------------------------------------------------------------------------------------------------------------------------+


+-----------------------------------------------------+
; Post-Synthesis Netlist Statistics for Top Partition ;
+-----------------------+-----------------------------+
; Type                  ; Count                       ;
+-----------------------+-----------------------------+
; boundary_port         ; 33                          ;
; cycloneiii_lcell_comb ; 111                         ;
;     normal            ; 111                         ;
;         1 data inputs ; 9                           ;
;         2 data inputs ; 8                           ;
;         3 data inputs ; 41                          ;
;         4 data inputs ; 53                          ;
;                       ;                             ;
; Max LUT depth         ; 46.00                       ;
; Average LUT depth     ; 40.55                       ;
+-----------------------+-----------------------------+


+-------------------------------+
; Elapsed Time Per Partition    ;
+----------------+--------------+
; Partition Name ; Elapsed Time ;
+----------------+--------------+
; Top            ; 00:00:01     ;
+----------------+--------------+


+-------------------------------+
; Analysis & Synthesis Messages ;
+-------------------------------+
Info: *******************************************************************
Info: Running Quartus Prime Analysis & Synthesis
    Info: Version 24.1std.0 Build 1077 03/04/2025 SC Lite Edition
    Info: Processing started: Thu Oct 30 18:52:12 2025
Info: Command: quartus_map --read_settings_files=on --write_settings_files=off Versao1 -c Versao1
Warning (18236): Number of processors has not been specified which may cause overloading on shared machines.  Set the global assignment NUM_PARALLEL_PROCESSORS in your QSF to an appropriate value for best performance.
Info (20030): Parallel compilation is enabled and will use 10 of the 10 processors detected
Info (12021): Found 1 design units, including 1 entities, in source file somcomp8bits.v
    Info (12023): Found entity 1: SomComp8bits File: D:/Estudos/UEFS/PBLs/CD - Problema 2/SomComp8bits.v Line: 1
Info (12021): Found 1 design units, including 1 entities, in source file somcomp1bit.v
    Info (12023): Found entity 1: SomComp1bit File: D:/Estudos/UEFS/PBLs/CD - Problema 2/SomComp1bit.v Line: 1
Info (12021): Found 1 design units, including 1 entities, in source file or8bits.v
    Info (12023): Found entity 1: Or8Bits File: D:/Estudos/UEFS/PBLs/CD - Problema 2/Or8Bits.v Line: 1
Info (12021): Found 1 design units, including 1 entities, in source file and8bits.v
    Info (12023): Found entity 1: And8Bits File: D:/Estudos/UEFS/PBLs/CD - Problema 2/And8Bits.v Line: 1
Info (12021): Found 1 design units, including 1 entities, in source file xor8bits.v
    Info (12023): Found entity 1: Xor8Bits File: D:/Estudos/UEFS/PBLs/CD - Problema 2/Xor8Bits.v Line: 1
Info (12021): Found 1 design units, including 1 entities, in source file not8bits.v
    Info (12023): Found entity 1: Not8Bits File: D:/Estudos/UEFS/PBLs/CD - Problema 2/Not8Bits.v Line: 1
Info (12021): Found 1 design units, including 1 entities, in source file registrador8bits.v
    Info (12023): Found entity 1: Registrador8Bits File: D:/Estudos/UEFS/PBLs/CD - Problema 2/Registrador8Bits.v Line: 1
Info (12021): Found 1 design units, including 1 entities, in source file multiplicador.v
    Info (12023): Found entity 1: Multiplicador File: D:/Estudos/UEFS/PBLs/CD - Problema 2/Multiplicador.v Line: 1
Info (12021): Found 1 design units, including 1 entities, in source file subcomp1bit.v
    Info (12023): Found entity 1: SubComp1bit File: D:/Estudos/UEFS/PBLs/CD - Problema 2/SubComp1bit.v Line: 1
Info (12021): Found 1 design units, including 1 entities, in source file subcomp8bits.v
    Info (12023): Found entity 1: SubComp8bits File: D:/Estudos/UEFS/PBLs/CD - Problema 2/SubComp8bits.v Line: 1
Info (12021): Found 1 design units, including 1 entities, in source file mult8por1bit.v
    Info (12023): Found entity 1: Mult8por1bit File: D:/Estudos/UEFS/PBLs/CD - Problema 2/Mult8por1bit.v Line: 1
Info (12021): Found 1 design units, including 1 entities, in source file main.v
    Info (12023): Found entity 1: main File: D:/Estudos/UEFS/PBLs/CD - Problema 2/main.v Line: 1
Info (12021): Found 1 design units, including 1 entities, in source file contador.v
    Info (12023): Found entity 1: Contador File: D:/Estudos/UEFS/PBLs/CD - Problema 2/Contador.v Line: 1
Info (12021): Found 1 design units, including 1 entities, in source file mux1por1.v
    Info (12023): Found entity 1: Mux1por1 File: D:/Estudos/UEFS/PBLs/CD - Problema 2/Mux1por1.v Line: 1
Info (12021): Found 1 design units, including 1 entities, in source file flipflopd.v
    Info (12023): Found entity 1: FlipFlopD File: D:/Estudos/UEFS/PBLs/CD - Problema 2/FlipFlopD.v Line: 1
Info (12021): Found 1 design units, including 1 entities, in source file controleffd.v
    Info (12023): Found entity 1: ControleFFD File: D:/Estudos/UEFS/PBLs/CD - Problema 2/ControleFFD.v Line: 1
Info (12021): Found 1 design units, including 1 entities, in source file somcomp2bits.v
    Info (12023): Found entity 1: SomComp2Bits File: D:/Estudos/UEFS/PBLs/CD - Problema 2/SomComp2Bits.v Line: 1
Info (12021): Found 1 design units, including 1 entities, in source file contador8bits.v
    Info (12023): Found entity 1: Contador8Bits File: D:/Estudos/UEFS/PBLs/CD - Problema 2/Contador8Bits.v Line: 1
Info (12021): Found 1 design units, including 1 entities, in source file debounce.v
    Info (12023): Found entity 1: Debounce File: D:/Estudos/UEFS/PBLs/CD - Problema 2/Debounce.v Line: 1
Info (12021): Found 1 design units, including 1 entities, in source file rpninput.v
    Info (12023): Found entity 1: RPNInput File: D:/Estudos/UEFS/PBLs/CD - Problema 2/RPNInput.v Line: 1
Info (12021): Found 1 design units, including 1 entities, in source file decodificador.v
    Info (12023): Found entity 1: Decodificador File: D:/Estudos/UEFS/PBLs/CD - Problema 2/Decodificador.v Line: 1
Info (12021): Found 1 design units, including 1 entities, in source file somcomp16bits.v
    Info (12023): Found entity 1: SomComp16Bits File: D:/Estudos/UEFS/PBLs/CD - Problema 2/SomComp16Bits.v Line: 1
Info (12021): Found 1 design units, including 1 entities, in source file shifter.v
    Info (12023): Found entity 1: Shifter File: D:/Estudos/UEFS/PBLs/CD - Problema 2/Shifter.v Line: 1
Info (12021): Found 1 design units, including 1 entities, in source file mult1por8.v
    Info (12023): Found entity 1: Mult1Por8 File: D:/Estudos/UEFS/PBLs/CD - Problema 2/Mult1Por8.v Line: 1
Info (12021): Found 1 design units, including 1 entities, in source file somcomp3bits.v
    Info (12023): Found entity 1: SomComp3Bits File: D:/Estudos/UEFS/PBLs/CD - Problema 2/SomComp3Bits.v Line: 1
Info (12021): Found 1 design units, including 1 entities, in source file controlemultiplicacao.v
    Info (12023): Found entity 1: ControleMultiplicacao File: D:/Estudos/UEFS/PBLs/CD - Problema 2/ControleMultiplicacao.v Line: 1
Info (12021): Found 1 design units, including 1 entities, in source file controlereg8bits.v
    Info (12023): Found entity 1: ControleReg8Bits File: D:/Estudos/UEFS/PBLs/CD - Problema 2/ControleReg8Bits.v Line: 1
Info (12021): Found 1 design units, including 1 entities, in source file divisor.v
    Info (12023): Found entity 1: Divisor File: D:/Estudos/UEFS/PBLs/CD - Problema 2/Divisor.v Line: 1
Info (12021): Found 1 design units, including 1 entities, in source file mux8para8.v
    Info (12023): Found entity 1: MUX8para8 File: D:/Estudos/UEFS/PBLs/CD - Problema 2/MUX8para8.v Line: 1
Warning (10236): Verilog HDL Implicit Net warning at Multiplicador.v(106): created implicit net for "InpReg0" File: D:/Estudos/UEFS/PBLs/CD - Problema 2/Multiplicador.v Line: 106
Warning (10236): Verilog HDL Implicit Net warning at Multiplicador.v(112): created implicit net for "InpReg1" File: D:/Estudos/UEFS/PBLs/CD - Problema 2/Multiplicador.v Line: 112
Warning (10236): Verilog HDL Implicit Net warning at ControleFFD.v(14): created implicit net for "T1" File: D:/Estudos/UEFS/PBLs/CD - Problema 2/ControleFFD.v Line: 14
Info (12127): Elaborating entity "Divisor" for the top level hierarchy
Warning (10739): Verilog HDL warning at Divisor.v(163): actual bit length 8 differs from formal bit length 1 File: D:/Estudos/UEFS/PBLs/CD - Problema 2/Divisor.v Line: 163
Info (12128): Elaborating entity "SubComp8bits" for hierarchy "SubComp8bits:sub0" File: D:/Estudos/UEFS/PBLs/CD - Problema 2/Divisor.v Line: 32
Info (12128): Elaborating entity "SubComp1bit" for hierarchy "SubComp8bits:sub0|SubComp1bit:U0" File: D:/Estudos/UEFS/PBLs/CD - Problema 2/SubComp8bits.v Line: 11
Info (12128): Elaborating entity "MUX8para8" for hierarchy "MUX8para8:Decisao0" File: D:/Estudos/UEFS/PBLs/CD - Problema 2/Divisor.v Line: 38
Info (12128): Elaborating entity "Mux1por1" for hierarchy "MUX8para8:Decisao0|Mux1por1:mux_bit0" File: D:/Estudos/UEFS/PBLs/CD - Problema 2/MUX8para8.v Line: 14
Info (13014): Ignored 1 buffer(s)
    Info (13019): Ignored 1 SOFT buffer(s)
Warning (12241): 2 hierarchies have connectivity warnings - see the Connectivity Checks report folder
Info (286030): Timing-Driven Synthesis is running
Info (144001): Generated suppressed messages file D:/Estudos/UEFS/PBLs/CD - Problema 2/output_files/Versao1.map.smsg
Info (16010): Generating hard_block partition "hard_block:auto_generated_inst"
    Info (16011): Adding 0 node(s), including 0 DDIO, 0 PLL, 0 transceiver and 0 LCELL
Info (21057): Implemented 135 device resources after synthesis - the final resource count might be different
    Info (21058): Implemented 16 input pins
    Info (21059): Implemented 17 output pins
    Info (21061): Implemented 102 logic cells
Info: Quartus Prime Analysis & Synthesis was successful. 0 errors, 6 warnings
    Info: Peak virtual memory: 4798 megabytes
    Info: Processing ended: Thu Oct 30 18:52:21 2025
    Info: Elapsed time: 00:00:09
    Info: Total CPU time (on all processors): 00:00:18


+------------------------------------------+
; Analysis & Synthesis Suppressed Messages ;
+------------------------------------------+
The suppressed messages can be found in D:/Estudos/UEFS/PBLs/CD - Problema 2/output_files/Versao1.map.smsg.


